<?xml version="1.0" encoding="UTF-8"?>
<testng-results skipped="0" failed="1" ignored="0" total="5" passed="4">
  <reporter-output>
  </reporter-output>
  <suite name="Suite" duration-ms="62923" started-at="2018-12-31T08:21:30Z" finished-at="2018-12-31T08:22:33Z">
    <groups>
    </groups>
    <test name="Test1" duration-ms="16021" started-at="2018-12-31T08:21:30Z" finished-at="2018-12-31T08:21:46Z">
      <class name="Academy.validateTitle">
        <test-method status="PASS" signature="initialize()[pri:0, instance:Academy.validateTitle@479d31f3]" name="initialize" is-config="true" duration-ms="15510" started-at="2018-12-31T08:21:30Z" finished-at="2018-12-31T08:21:45Z">
          <reporter-output>
          </reporter-output>
        </test-method> <!-- initialize -->
        <test-method status="FAIL" signature="validateTitleTest()[pri:0, instance:Academy.validateTitle@479d31f3]" name="validateTitleTest" duration-ms="286" started-at="2018-12-31T08:21:45Z" finished-at="2018-12-31T08:21:45Z">
          <exception class="java.lang.AssertionError">
            <message>
              <![CDATA[expected [FEATURED COURSES 123] but found [FEATURED COURSES]]]>
            </message>
            <full-stacktrace>
              <![CDATA[java.lang.AssertionError: expected [FEATURED COURSES 123] but found [FEATURED COURSES]
at org.testng.Assert.fail(Assert.java:96)
at org.testng.Assert.failNotEquals(Assert.java:776)
at org.testng.Assert.assertEqualsImpl(Assert.java:137)
at org.testng.Assert.assertEquals(Assert.java:118)
at org.testng.Assert.assertEquals(Assert.java:453)
at org.testng.Assert.assertEquals(Assert.java:463)
at Academy.validateTitle.validateTitleTest(validateTitle.java:47)
at sun.reflect.NativeMethodAccessorImpl.invoke0(Native Method)
at sun.reflect.NativeMethodAccessorImpl.invoke(NativeMethodAccessorImpl.java:62)
at sun.reflect.DelegatingMethodAccessorImpl.invoke(DelegatingMethodAccessorImpl.java:43)
at java.lang.reflect.Method.invoke(Method.java:498)
at org.testng.internal.MethodInvocationHelper.invokeMethod(MethodInvocationHelper.java:124)
at org.testng.internal.Invoker.invokeMethod(Invoker.java:583)
at org.testng.internal.Invoker.invokeTestMethod(Invoker.java:719)
at org.testng.internal.Invoker.invokeTestMethods(Invoker.java:989)
at org.testng.internal.TestMethodWorker.invokeTestMethods(TestMethodWorker.java:125)
at org.testng.internal.TestMethodWorker.run(TestMethodWorker.java:109)
at org.testng.TestRunner.privateRun(TestRunner.java:648)
at org.testng.TestRunner.run(TestRunner.java:505)
at org.testng.SuiteRunner.runTest(SuiteRunner.java:455)
at org.testng.SuiteRunner.runSequentially(SuiteRunner.java:450)
at org.testng.SuiteRunner.privateRun(SuiteRunner.java:415)
at org.testng.SuiteRunner.run(SuiteRunner.java:364)
at org.testng.SuiteRunnerWorker.runSuite(SuiteRunnerWorker.java:52)
at org.testng.SuiteRunnerWorker.run(SuiteRunnerWorker.java:84)
at org.testng.TestNG.runSuitesSequentially(TestNG.java:1208)
at org.testng.TestNG.runSuitesLocally(TestNG.java:1137)
at org.testng.TestNG.runSuites(TestNG.java:1049)
at org.testng.TestNG.run(TestNG.java:1017)
at org.apache.maven.surefire.testng.TestNGExecutor.run(TestNGExecutor.java:283)
at org.apache.maven.surefire.testng.TestNGXmlTestSuite.execute(TestNGXmlTestSuite.java:75)
at org.apache.maven.surefire.testng.TestNGProvider.invoke(TestNGProvider.java:120)
at org.apache.maven.surefire.booter.ForkedBooter.invokeProviderInSameClassLoader(ForkedBooter.java:384)
at org.apache.maven.surefire.booter.ForkedBooter.runSuitesInProcess(ForkedBooter.java:345)
at org.apache.maven.surefire.booter.ForkedBooter.execute(ForkedBooter.java:126)
at org.apache.maven.surefire.booter.ForkedBooter.main(ForkedBooter.java:418)
]]>
            </full-stacktrace>
          </exception> <!-- java.lang.AssertionError -->
          <reporter-output>
          </reporter-output>
        </test-method> <!-- validateTitleTest -->
        <test-method status="PASS" signature="teadown()[pri:0, instance:Academy.validateTitle@479d31f3]" name="teadown" is-config="true" duration-ms="155" started-at="2018-12-31T08:21:45Z" finished-at="2018-12-31T08:21:46Z">
          <reporter-output>
          </reporter-output>
        </test-method> <!-- teadown -->
      </class> <!-- Academy.validateTitle -->
    </test> <!-- Test1 -->
    <test name="Test2" duration-ms="39913" started-at="2018-12-31T08:21:46Z" finished-at="2018-12-31T08:22:26Z">
      <class name="Academy.HomePage">
        <test-method status="PASS" signature="initialize()[pri:0, instance:Academy.HomePage@44ebcd03]" name="initialize" is-config="true" duration-ms="29171" started-at="2018-12-31T08:21:46Z" finished-at="2018-12-31T08:22:15Z">
          <reporter-output>
          </reporter-output>
        </test-method> <!-- initialize -->
        <test-method status="PASS" signature="basePageNavigation(java.lang.String, java.lang.String)[pri:0, instance:Academy.HomePage@44ebcd03]" name="basePageNavigation" duration-ms="8604" started-at="2018-12-31T08:22:15Z" data-provider="getData" finished-at="2018-12-31T08:22:23Z">
          <params>
            <param index="0">
              <value>
                <![CDATA[validuser@lseg.com]]>
              </value>
            </param>
            <param index="1">
              <value>
                <![CDATA[validuserpassowrd]]>
              </value>
            </param>
          </params>
          <reporter-output>
          </reporter-output>
        </test-method> <!-- basePageNavigation -->
        <test-method status="PASS" signature="basePageNavigation(java.lang.String, java.lang.String)[pri:0, instance:Academy.HomePage@44ebcd03]" name="basePageNavigation" duration-ms="1305" started-at="2018-12-31T08:22:23Z" data-provider="getData" finished-at="2018-12-31T08:22:25Z">
          <params>
            <param index="0">
              <value>
                <![CDATA[invaliduser@lseg.com]]>
              </value>
            </param>
            <param index="1">
              <value>
                <![CDATA[invaliduserpassowrd]]>
              </value>
            </param>
          </params>
          <reporter-output>
          </reporter-output>
        </test-method> <!-- basePageNavigation -->
        <test-method status="PASS" signature="basePageNavigation(java.lang.String, java.lang.String)[pri:0, instance:Academy.HomePage@44ebcd03]" name="basePageNavigation" duration-ms="670" started-at="2018-12-31T08:22:25Z" data-provider="getData" finished-at="2018-12-31T08:22:25Z">
          <params>
            <param index="0">
              <value>
                <![CDATA[validuser1@lseg.com]]>
              </value>
            </param>
            <param index="1">
              <value>
                <![CDATA[validuser1passowrd]]>
              </value>
            </param>
          </params>
          <reporter-output>
          </reporter-output>
        </test-method> <!-- basePageNavigation -->
        <test-method status="PASS" signature="teadown()[pri:0, instance:Academy.HomePage@44ebcd03]" name="teadown" is-config="true" duration-ms="154" started-at="2018-12-31T08:22:25Z" finished-at="2018-12-31T08:22:26Z">
          <reporter-output>
          </reporter-output>
        </test-method> <!-- teadown -->
      </class> <!-- Academy.HomePage -->
    </test> <!-- Test2 -->
    <test name="Test3" duration-ms="1" started-at="2018-12-31T08:22:26Z" finished-at="2018-12-31T08:22:26Z">
    </test> <!-- Test3 -->
    <test name="Test4" duration-ms="6828" started-at="2018-12-31T08:22:26Z" finished-at="2018-12-31T08:22:33Z">
      <class name="Academy.validateNavigationBar">
        <test-method status="PASS" signature="initialize()[pri:0, instance:Academy.validateNavigationBar@659499f1]" name="initialize" is-config="true" duration-ms="6612" started-at="2018-12-31T08:22:26Z" finished-at="2018-12-31T08:22:32Z">
          <reporter-output>
          </reporter-output>
        </test-method> <!-- initialize -->
        <test-method status="PASS" signature="validateContact()[pri:0, instance:Academy.validateNavigationBar@659499f1]" name="validateContact" duration-ms="98" started-at="2018-12-31T08:22:32Z" finished-at="2018-12-31T08:22:32Z">
          <reporter-output>
          </reporter-output>
        </test-method> <!-- validateContact -->
        <test-method status="PASS" signature="teadown()[pri:0, instance:Academy.validateNavigationBar@659499f1]" name="teadown" is-config="true" duration-ms="118" started-at="2018-12-31T08:22:32Z" finished-at="2018-12-31T08:22:33Z">
          <reporter-output>
          </reporter-output>
        </test-method> <!-- teadown -->
      </class> <!-- Academy.validateNavigationBar -->
    </test> <!-- Test4 -->
  </suite> <!-- Suite -->
</testng-results>
