<?xml version="1.0" encoding="UTF-8"?>
<testng-results skipped="0" failed="1" ignored="0" total="5" passed="4">
  <reporter-output>
  </reporter-output>
  <suite name="Suite" duration-ms="63222" started-at="2018-12-29T09:06:16Z" finished-at="2018-12-29T09:07:20Z">
    <groups>
    </groups>
    <test name="Test1" duration-ms="16885" started-at="2018-12-29T09:06:16Z" finished-at="2018-12-29T09:06:33Z">
      <class name="Academy.validateTitle">
        <test-method status="PASS" signature="initialize()[pri:0, instance:Academy.validateTitle@4135c3b]" name="initialize" is-config="true" duration-ms="14528" started-at="2018-12-29T09:06:16Z" finished-at="2018-12-29T09:06:31Z">
          <reporter-output>
          </reporter-output>
        </test-method> <!-- initialize -->
        <test-method status="FAIL" signature="validateTitleTest()[pri:0, instance:Academy.validateTitle@4135c3b]" name="validateTitleTest" duration-ms="186" started-at="2018-12-29T09:06:31Z" finished-at="2018-12-29T09:06:31Z">
          <exception class="java.lang.AssertionError">
            <message>
              <![CDATA[expected [FEATURED COURSES 123] but found [FEATURED COURSES]]]>
            </message>
            <full-stacktrace>
              <![CDATA[java.lang.AssertionError: expected [FEATURED COURSES 123] but found [FEATURED COURSES]
at org.testng.Assert.fail(Assert.java:96)
at org.testng.Assert.failNotEquals(Assert.java:776)
at org.testng.Assert.assertEqualsImpl(Assert.java:137)
at org.testng.Assert.assertEquals(Assert.java:118)
at org.testng.Assert.assertEquals(Assert.java:453)
at org.testng.Assert.assertEquals(Assert.java:463)
at Academy.validateTitle.validateTitleTest(validateTitle.java:47)
at sun.reflect.NativeMethodAccessorImpl.invoke0(Native Method)
at sun.reflect.NativeMethodAccessorImpl.invoke(Unknown Source)
at sun.reflect.DelegatingMethodAccessorImpl.invoke(Unknown Source)
at java.lang.reflect.Method.invoke(Unknown Source)
at org.testng.internal.MethodInvocationHelper.invokeMethod(MethodInvocationHelper.java:124)
at org.testng.internal.Invoker.invokeMethod(Invoker.java:580)
at org.testng.internal.Invoker.invokeTestMethod(Invoker.java:716)
at org.testng.internal.Invoker.invokeTestMethods(Invoker.java:988)
at org.testng.internal.TestMethodWorker.invokeTestMethods(TestMethodWorker.java:125)
at org.testng.internal.TestMethodWorker.run(TestMethodWorker.java:109)
at org.testng.TestRunner.privateRun(TestRunner.java:648)
at org.testng.TestRunner.run(TestRunner.java:505)
at org.testng.SuiteRunner.runTest(SuiteRunner.java:455)
at org.testng.SuiteRunner.runSequentially(SuiteRunner.java:450)
at org.testng.SuiteRunner.privateRun(SuiteRunner.java:415)
at org.testng.SuiteRunner.run(SuiteRunner.java:364)
at org.testng.SuiteRunnerWorker.runSuite(SuiteRunnerWorker.java:52)
at org.testng.SuiteRunnerWorker.run(SuiteRunnerWorker.java:84)
at org.testng.TestNG.runSuitesSequentially(TestNG.java:1208)
at org.testng.TestNG.runSuitesLocally(TestNG.java:1137)
at org.testng.TestNG.runSuites(TestNG.java:1049)
at org.testng.TestNG.run(TestNG.java:1017)
at org.testng.remote.AbstractRemoteTestNG.run(AbstractRemoteTestNG.java:114)
at org.testng.remote.RemoteTestNG.initAndRun(RemoteTestNG.java:251)
at org.testng.remote.RemoteTestNG.main(RemoteTestNG.java:77)
]]>
            </full-stacktrace>
          </exception> <!-- java.lang.AssertionError -->
          <reporter-output>
          </reporter-output>
        </test-method> <!-- validateTitleTest -->
        <test-method status="PASS" signature="teadown()[pri:0, instance:Academy.validateTitle@4135c3b]" name="teadown" is-config="true" duration-ms="658" started-at="2018-12-29T09:06:33Z" finished-at="2018-12-29T09:06:33Z">
          <reporter-output>
          </reporter-output>
        </test-method> <!-- teadown -->
      </class> <!-- Academy.validateTitle -->
    </test> <!-- Test1 -->
    <test name="Test2" duration-ms="35495" started-at="2018-12-29T09:06:33Z" finished-at="2018-12-29T09:07:09Z">
      <class name="Academy.HomePage">
        <test-method status="PASS" signature="initialize()[pri:0, instance:Academy.HomePage@443118b0]" name="initialize" is-config="true" duration-ms="23900" started-at="2018-12-29T09:06:33Z" finished-at="2018-12-29T09:06:57Z">
          <reporter-output>
          </reporter-output>
        </test-method> <!-- initialize -->
        <test-method status="PASS" signature="basePageNavigation(java.lang.String, java.lang.String)[pri:0, instance:Academy.HomePage@443118b0]" name="basePageNavigation" duration-ms="8617" started-at="2018-12-29T09:06:57Z" data-provider="getData" finished-at="2018-12-29T09:07:06Z">
          <params>
            <param index="0">
              <value>
                <![CDATA[validuser@lseg.com]]>
              </value>
            </param>
            <param index="1">
              <value>
                <![CDATA[validuserpassowrd]]>
              </value>
            </param>
          </params>
          <reporter-output>
          </reporter-output>
        </test-method> <!-- basePageNavigation -->
        <test-method status="PASS" signature="basePageNavigation(java.lang.String, java.lang.String)[pri:0, instance:Academy.HomePage@443118b0]" name="basePageNavigation" duration-ms="1759" started-at="2018-12-29T09:07:06Z" data-provider="getData" finished-at="2018-12-29T09:07:08Z">
          <params>
            <param index="0">
              <value>
                <![CDATA[invaliduser@lseg.com]]>
              </value>
            </param>
            <param index="1">
              <value>
                <![CDATA[invaliduserpassowrd]]>
              </value>
            </param>
          </params>
          <reporter-output>
          </reporter-output>
        </test-method> <!-- basePageNavigation -->
        <test-method status="PASS" signature="basePageNavigation(java.lang.String, java.lang.String)[pri:0, instance:Academy.HomePage@443118b0]" name="basePageNavigation" duration-ms="819" started-at="2018-12-29T09:07:08Z" data-provider="getData" finished-at="2018-12-29T09:07:08Z">
          <params>
            <param index="0">
              <value>
                <![CDATA[validuser1@lseg.com]]>
              </value>
            </param>
            <param index="1">
              <value>
                <![CDATA[validuser1passowrd]]>
              </value>
            </param>
          </params>
          <reporter-output>
          </reporter-output>
        </test-method> <!-- basePageNavigation -->
        <test-method status="PASS" signature="teadown()[pri:0, instance:Academy.HomePage@443118b0]" name="teadown" is-config="true" duration-ms="379" started-at="2018-12-29T09:07:08Z" finished-at="2018-12-29T09:07:09Z">
          <reporter-output>
          </reporter-output>
        </test-method> <!-- teadown -->
      </class> <!-- Academy.HomePage -->
    </test> <!-- Test2 -->
    <test name="Test3" duration-ms="2" started-at="2018-12-29T09:07:09Z" finished-at="2018-12-29T09:07:09Z">
    </test> <!-- Test3 -->
    <test name="Test4" duration-ms="10690" started-at="2018-12-29T09:07:09Z" finished-at="2018-12-29T09:07:20Z">
      <class name="Academy.validateNavigationBar">
        <test-method status="PASS" signature="initialize()[pri:0, instance:Academy.validateNavigationBar@795509d9]" name="initialize" is-config="true" duration-ms="8332" started-at="2018-12-29T09:07:09Z" finished-at="2018-12-29T09:07:17Z">
          <reporter-output>
          </reporter-output>
        </test-method> <!-- initialize -->
        <test-method status="PASS" signature="validateContact()[pri:0, instance:Academy.validateNavigationBar@795509d9]" name="validateContact" duration-ms="138" started-at="2018-12-29T09:07:17Z" finished-at="2018-12-29T09:07:17Z">
          <reporter-output>
          </reporter-output>
        </test-method> <!-- validateContact -->
        <test-method status="PASS" signature="teadown()[pri:0, instance:Academy.validateNavigationBar@795509d9]" name="teadown" is-config="true" duration-ms="2215" started-at="2018-12-29T09:07:17Z" finished-at="2018-12-29T09:07:20Z">
          <reporter-output>
          </reporter-output>
        </test-method> <!-- teadown -->
      </class> <!-- Academy.validateNavigationBar -->
    </test> <!-- Test4 -->
  </suite> <!-- Suite -->
</testng-results>
